Build started 08.05.2013 19:28:21.
     1>Project "G:\data\ipsa\10 semestr\labs\ekspertnya\rgr\ESComp\ESComp\ESComp.vcxproj" on node 2 (build target(s)).
     1>InitializeBuildStatus:
         Creating "Debug\ESComp.unsuccessfulbuild" because "AlwaysCreate" was specified.
       GenerateTargetFrameworkMonikerAttribute:
       Skipping target "GenerateTargetFrameworkMonikerAttribute" because all output files are up-to-date with respect to the input files.
       ClCompile:
         All outputs are up-to-date.
         c:\Program Files\Microsoft Visual Studio 10.0\VC\bin\CL.exe /c /AI"C:\Program Files\Reference Assemblies\Microsoft\Framework\.NETFramework\v4.0" /Zi /clr:pure /nologo /W3 /WX- /Od /Oy- /D WIN32 /D _DEBUG /D _UNICODE /D UNICODE /EHa /MDd /GS /fp:precise /Zc:wchar_t /Zc:forScope /Yu"StdAfx.h" /Fp"Debug\ESComp.pch" /Fo"Debug\\" /Fd"Debug\vc100.pdb" /TP /FU"C:\Program Files\Reference Assemblies\Microsoft\Framework\.NETFramework\v4.0\System.Core.dll" /FU"C:\Program Files\Reference Assemblies\Microsoft\Framework\.NETFramework\v4.0\System.Data.dll" /FU"C:\Program Files\Reference Assemblies\Microsoft\Framework\.NETFramework\v4.0\System.dll" /FU"C:\Program Files\Reference Assemblies\Microsoft\Framework\.NETFramework\v4.0\System.Drawing.dll" /FU"C:\Program Files\Reference Assemblies\Microsoft\Framework\.NETFramework\v4.0\System.Windows.Forms.dll" /FU"C:\Program Files\Reference Assemblies\Microsoft\Framework\.NETFramework\v4.0\System.Xml.dll" /analyze- /errorReport:prompt ESComp.cpp /clr:nostdlib 
         ESComp.cpp
     1>g:\data\ipsa\10 semestr\labs\ekspertnya\rgr\escomp\escomp\Form1.h(500): warning C4244: '=' : conversion from '__int64' to 'int', possible loss of data
     1>g:\data\ipsa\10 semestr\labs\ekspertnya\rgr\escomp\escomp\Form1.h(509): warning C4018: '>' : signed/unsigned mismatch
         All outputs are up-to-date.
       CoreResGen:
         "c:\Program Files\Microsoft SDKs\Windows\v7.0A\bin\NETFX 4.0 Tools\resgen.exe" /useSourcePath /r:"C:\Program Files\Reference Assemblies\Microsoft\Framework\.NETFramework\v4.0\System.Core.dll" /r:"C:\Program Files\Reference Assemblies\Microsoft\Framework\.NETFramework\v4.0\System.Data.dll" /r:"C:\Program Files\Reference Assemblies\Microsoft\Framework\.NETFramework\v4.0\System.dll" /r:"C:\Program Files\Reference Assemblies\Microsoft\Framework\.NETFramework\v4.0\System.Drawing.dll" /r:"C:\Program Files\Reference Assemblies\Microsoft\Framework\.NETFramework\v4.0\System.Windows.Forms.dll" /r:"C:\Program Files\Reference Assemblies\Microsoft\Framework\.NETFramework\v4.0\System.Xml.dll" /compile Form1.resX,Debug\ESComp.Form1.resources
         Processing resource file "Form1.resX" into "Debug\ESComp.Form1.resources".
       ResourceCompile:
         All outputs are up-to-date.
       Link:
         c:\Program Files\Microsoft Visual Studio 10.0\VC\bin\link.exe /ERRORREPORT:PROMPT /OUT:"G:\data\ipsa\10 semestr\labs\ekspertnya\rgr\ESComp\Debug\ESComp.exe" /INCREMENTAL /NOLOGO /ASSEMBLYRESOURCE:Debug\ESComp.Form1.resources /MANIFEST /ManifestFile:"Debug\ESComp.exe.intermediate.manifest" /MANIFESTUAC:"level='asInvoker' uiAccess='false'" /DEBUG /PDB:"G:\data\ipsa\10 semestr\labs\ekspertnya\rgr\ESComp\Debug\ESComp.pdb" /ASSEMBLYDEBUG /SUBSYSTEM:WINDOWS /TLBID:1 /ENTRY:"main" /DYNAMICBASE /FIXED:NO /NXCOMPAT /MACHINE:X86 Debug\app.res
         Debug\AssemblyInfo.obj
         Debug\ESComp.obj
         Debug\stdafx.obj
         "Debug\.NETFramework,Version=v4.0.AssemblyAttributes.obj"
         ESComp.vcxproj -> G:\data\ipsa\10 semestr\labs\ekspertnya\rgr\ESComp\Debug\ESComp.exe
       Manifest:
         c:\Program Files\Microsoft SDKs\Windows\v7.0A\bin\mt.exe /nologo /verbose /outputresource:"G:\data\ipsa\10 semestr\labs\ekspertnya\rgr\ESComp\Debug\ESComp.exe;#1" /manifest Debug\ESComp.exe.intermediate.manifest
       FinalizeBuildStatus:
         Deleting file "Debug\ESComp.unsuccessfulbuild".
         Touching "Debug\ESComp.lastbuildstate".
     1>Done Building Project "G:\data\ipsa\10 semestr\labs\ekspertnya\rgr\ESComp\ESComp\ESComp.vcxproj" (build target(s)).

Build succeeded.

Time Elapsed 00:00:06.89
